-------------------------------------------------------------------------------
Test set: org.mps.deque.DoublyLinkedListDequeTest$EmptyList$fullList
-------------------------------------------------------------------------------
Tests run: 16, Failures: 0, Errors: 0, Skipped: 0, Time elapsed: 0.023 s - in org.mps.deque.DoublyLinkedListDequeTest$EmptyList$fullList
org.mps.deque.DoublyLinkedListDequeTest$EmptyList.constructorReturnsEmptyList  Time elapsed: 0.003 s
org.mps.deque.DoublyLinkedListDequeTest$EmptyList.prependWithEmptyList  Time elapsed: 0.003 s
org.mps.deque.DoublyLinkedListDequeTest$EmptyList.lastOnEmptyListThrowsException  Time elapsed: 0.003 s
org.mps.deque.DoublyLinkedListDequeTest$EmptyList.firstOnEmptyListThrowsException  Time elapsed: 0.002 s
org.mps.deque.DoublyLinkedListDequeTest$EmptyList.deleteFirstOnEmptyListThrowsException  Time elapsed: 0.002 s
org.mps.deque.DoublyLinkedListDequeTest$EmptyList.deleteLastOnEmptyListThrowsException  Time elapsed: 0.002 s
org.mps.deque.DoublyLinkedListDequeTest$EmptyList.appendWithEmptyList  Time elapsed: 0.001 s
org.mps.deque.DoublyLinkedListDequeTest$EmptyList.sizeOnEmptyListReturns0  Time elapsed: 0.001 s
org.mps.deque.DoublyLinkedListDequeTest$EmptyList$fullList.appendNode  Time elapsed: 0.001 s
org.mps.deque.DoublyLinkedListDequeTest$EmptyList$fullList.firstElement  Time elapsed: 0.001 s
org.mps.deque.DoublyLinkedListDequeTest$EmptyList$fullList.borrarLastElUnicoNodoDeLaLista  Time elapsed: 0.001 s
org.mps.deque.DoublyLinkedListDequeTest$EmptyList$fullList.lastElement  Time elapsed: 0.001 s
org.mps.deque.DoublyLinkedListDequeTest$EmptyList$fullList.deleteFirstOfAFullList  Time elapsed: 0.001 s
org.mps.deque.DoublyLinkedListDequeTest$EmptyList$fullList.deleteLastOfAFullList  Time elapsed: 0.001 s
org.mps.deque.DoublyLinkedListDequeTest$EmptyList$fullList.borrarFirstElUnicoNodoDeLaLista  Time elapsed: 0.001 s
org.mps.deque.DoublyLinkedListDequeTest$EmptyList$fullList.prependNode  Time elapsed: 0.006 s
